# JRE version: OpenJDK Runtime Environment Corretto-11.0.16.8.1 (11.0.16+8) (build 11.0.16+8-LTS)
# Java VM: OpenJDK 64-Bit Server VM Corretto-11.0.16.8.1 (11.0.16+8-LTS, mixed mode, tiered, compressed oops, g1 gc, windows-amd64)
Heap:
 garbage-first heap   total 1097728K, used 304105K [0x0000000081600000, 0x0000000100000000)
  region size 1024K, 8 young (8192K), 8 survivors (8192K)
 Metaspace       used 104359K, capacity 106875K, committed 106920K, reserved 1142784K
  class space    used 13154K, capacity 14182K, committed 14188K, reserved 1048576K
GC Heap History (20 events):
Event: 29.765 GC heap after
{Heap after GC invocations=31 (full 0):
 garbage-first heap   total 254976K, used 184162K [0x0000000081600000, 0x0000000100000000)
  region size 1024K, 4 young (4096K), 4 survivors (4096K)
 Metaspace       used 104359K, capacity 106875K, committed 106920K, reserved 1142784K
  class space    used 13154K, capacity 14182K, committed 14188K, reserved 1048576K
}
Event: 29.817 GC heap before
{Heap before GC invocations=31 (full 0):
 garbage-first heap   total 254976K, used 206690K [0x0000000081600000, 0x0000000100000000)
  region size 1024K, 24 young (24576K), 4 survivors (4096K)
 Metaspace       used 104359K, capacity 106875K, committed 106920K, reserved 1142784K
  class space    used 13154K, capacity 14182K, committed 14188K, reserved 1048576K
}
Event: 29.826 GC heap after
{Heap after GC invocations=32 (full 0):
 garbage-first heap   total 254976K, used 194011K [0x0000000081600000, 0x0000000100000000)
  region size 1024K, 3 young (3072K), 3 survivors (3072K)
 Metaspace       used 104359K, capacity 106875K, committed 106920K, reserved 1142784K
  class space    used 13154K, capacity 14182K, committed 14188K, reserved 1048576K
}
Event: 29.866 GC heap before
{Heap before GC invocations=32 (full 0):
 garbage-first heap   total 254976K, used 211419K [0x0000000081600000, 0x0000000100000000)
  region size 1024K, 20 young (20480K), 3 survivors (3072K)
 Metaspace       used 104359K, capacity 106875K, committed 106920K, reserved 1142784K
  class space    used 13154K, capacity 14182K, committed 14188K, reserved 1048576K
}
Event: 29.874 GC heap after
{Heap after GC invocations=33 (full 0):
 garbage-first heap   total 254976K, used 201080K [0x0000000081600000, 0x0000000100000000)
  region size 1024K, 3 young (3072K), 3 survivors (3072K)
 Metaspace       used 104359K, capacity 106875K, committed 106920K, reserved 1142784K
  class space    used 13154K, capacity 14182K, committed 14188K, reserved 1048576K
}
Event: 29.910 GC heap before
{Heap before GC invocations=33 (full 0):
 garbage-first heap   total 254976K, used 215416K [0x0000000081600000, 0x0000000100000000)
  region size 1024K, 17 young (17408K), 3 survivors (3072K)
 Metaspace       used 104359K, capacity 106875K, committed 106920K, reserved 1142784K
  class space    used 13154K, capacity 14182K, committed 14188K, reserved 1048576K
}
Event: 29.918 GC heap after
{Heap after GC invocations=34 (full 0):
 garbage-first heap   total 254976K, used 206848K [0x0000000081600000, 0x0000000100000000)
  region size 1024K, 3 young (3072K), 3 survivors (3072K)
 Metaspace       used 104359K, capacity 106875K, committed 106920K, reserved 1142784K
  class space    used 13154K, capacity 14182K, committed 14188K, reserved 1048576K
}
Event: 29.949 GC heap before
{Heap before GC invocations=34 (full 0):
 garbage-first heap   total 254976K, used 218112K [0x0000000081600000, 0x0000000100000000)
  region size 1024K, 14 young (14336K), 3 survivors (3072K)
 Metaspace       used 104359K, capacity 106875K, committed 106920K, reserved 1142784K
  class space    used 13154K, capacity 14182K, committed 14188K, reserved 1048576K
}
Event: 29.956 GC heap after
{Heap after GC invocations=35 (full 0):
 garbage-first heap   total 254976K, used 211499K [0x0000000081600000, 0x0000000100000000)
  region size 1024K, 2 young (2048K), 2 survivors (2048K)
 Metaspace       used 104359K, capacity 106875K, committed 106920K, reserved 1142784K
  class space    used 13154K, capacity 14182K, committed 14188K, reserved 1048576K
}
Event: 29.991 GC heap before
{Heap before GC invocations=35 (full 0):
 garbage-first heap   total 254976K, used 219691K [0x0000000081600000, 0x0000000100000000)
  region size 1024K, 12 young (12288K), 2 survivors (2048K)
 Metaspace       used 104359K, capacity 106875K, committed 106920K, reserved 1142784K
  class space    used 13154K, capacity 14182K, committed 14188K, reserved 1048576K
}
Event: 29.998 GC heap after
{Heap after GC invocations=36 (full 0):
 garbage-first heap   total 254976K, used 213908K [0x0000000081600000, 0x0000000100000000)
  region size 1024K, 2 young (2048K), 2 survivors (2048K)
 Metaspace       used 104359K, capacity 106875K, committed 106920K, reserved 1142784K
  class space    used 13154K, capacity 14182K, committed 14188K, reserved 1048576K
}
Event: 30.033 GC heap before
{Heap before GC invocations=36 (full 0):
 garbage-first heap   total 254976K, used 227220K [0x0000000081600000, 0x0000000100000000)
  region size 1024K, 12 young (12288K), 2 survivors (2048K)
 Metaspace       used 104359K, capacity 106875K, committed 106920K, reserved 1142784K
  class space    used 13154K, capacity 14182K, committed 14188K, reserved 1048576K
}
Event: 30.062 GC heap after
{Heap after GC invocations=37 (full 0):
 garbage-first heap   total 446464K, used 220974K [0x0000000081600000, 0x0000000100000000)
  region size 1024K, 2 young (2048K), 2 survivors (2048K)
 Metaspace       used 104359K, capacity 106875K, committed 106920K, reserved 1142784K
  class space    used 13154K, capacity 14182K, committed 14188K, reserved 1048576K
}
Event: 30.155 GC heap before
{Heap before GC invocations=38 (full 0):
 garbage-first heap   total 446464K, used 255790K [0x0000000081600000, 0x0000000100000000)
  region size 1024K, 34 young (34816K), 2 survivors (2048K)
 Metaspace       used 104359K, capacity 106875K, committed 106920K, reserved 1142784K
  class space    used 13154K, capacity 14182K, committed 14188K, reserved 1048576K
}
Event: 30.168 GC heap after
{Heap after GC invocations=39 (full 0):
 garbage-first heap   total 446464K, used 236178K [0x0000000081600000, 0x0000000100000000)
  region size 1024K, 9 young (9216K), 9 survivors (9216K)
 Metaspace       used 104359K, capacity 106875K, committed 106920K, reserved 1142784K
  class space    used 13154K, capacity 14182K, committed 14188K, reserved 1048576K
}
Event: 30.418 GC heap before
{Heap before GC invocations=39 (full 0):
 garbage-first heap   total 446464K, used 299666K [0x0000000081600000, 0x0000000100000000)
  region size 1024K, 69 young (70656K), 9 survivors (9216K)
 Metaspace       used 104359K, capacity 106875K, committed 106920K, reserved 1142784K
  class space    used 13154K, capacity 14182K, committed 14188K, reserved 1048576K
}
Event: 30.442 GC heap after
{Heap after GC invocations=40 (full 0):
 garbage-first heap   total 446464K, used 260981K [0x0000000081600000, 0x0000000100000000)
  region size 1024K, 9 young (9216K), 9 survivors (9216K)
 Metaspace       used 104359K, capacity 106875K, committed 106920K, reserved 1142784K
  class space    used 13154K, capacity 14182K, committed 14188K, reserved 1048576K
}
Event: 30.596 GC heap before
{Heap before GC invocations=40 (full 0):
 garbage-first heap   total 446464K, used 317301K [0x0000000081600000, 0x0000000100000000)
  region size 1024K, 65 young (66560K), 9 survivors (9216K)
 Metaspace       used 104359K, capacity 106875K, committed 106920K, reserved 1142784K
  class space    used 13154K, capacity 14182K, committed 14188K, reserved 1048576K
}
Event: 30.623 GC heap after
{Heap after GC invocations=41 (full 0):
 garbage-first heap   total 446464K, used 282045K [0x0000000081600000, 0x0000000100000000)
  region size 1024K, 9 young (9216K), 9 survivors (9216K)
 Metaspace       used 104359K, capacity 106875K, committed 106920K, reserved 1142784K
  class space    used 13154K, capacity 14182K, committed 14188K, reserved 1048576K
}
Event: 30.739 GC heap before
{Heap before GC invocations=42 (full 0):
 garbage-first heap   total 446464K, used 334269K [0x0000000081600000, 0x0000000100000000)
  region size 1024K, 60 young (61440K), 9 survivors (9216K)
 Metaspace       used 104359K, capacity 106875K, committed 106920K, reserved 1142784K
  class space    used 13154K, capacity 14182K, committed 14188K, reserved 1048576K
}

