# JRE version: OpenJDK Runtime Environment Corretto-11.0.16.8.1 (11.0.16+8) (build 11.0.16+8-LTS)
# Java VM: OpenJDK 64-Bit Server VM Corretto-11.0.16.8.1 (11.0.16+8-LTS, mixed mode, tiered, compressed oops, g1 gc, windows-amd64)
Heap:
 garbage-first heap   total 262144K, used 194487K [0x00000000e0000000, 0x0000000100000000)
  region size 1024K, 88 young (90112K), 8 survivors (8192K)
 Metaspace       used 60555K, capacity 62236K, committed 62456K, reserved 309248K
  class space    used 7285K, capacity 7834K, committed 7936K, reserved 253952K
GC Heap History (20 events):
Event: 43.613 GC heap before
{Heap before GC invocations=79 (full 0):
 garbage-first heap   total 262144K, used 223515K [0x00000000e0000000, 0x0000000100000000)
  region size 1024K, 131 young (134144K), 4 survivors (4096K)
 Metaspace       used 50197K, capacity 51482K, committed 51712K, reserved 299008K
  class space    used 6361K, capacity 6841K, committed 6912K, reserved 253952K
}
Event: 43.615 GC heap after
{Heap after GC invocations=80 (full 0):
 garbage-first heap   total 262144K, used 95246K [0x00000000e0000000, 0x0000000100000000)
  region size 1024K, 6 young (6144K), 6 survivors (6144K)
 Metaspace       used 50197K, capacity 51482K, committed 51712K, reserved 299008K
  class space    used 6361K, capacity 6841K, committed 6912K, reserved 253952K
}
Event: 43.902 GC heap before
{Heap before GC invocations=80 (full 0):
 garbage-first heap   total 262144K, used 225294K [0x00000000e0000000, 0x0000000100000000)
  region size 1024K, 133 young (136192K), 6 survivors (6144K)
 Metaspace       used 50197K, capacity 51482K, committed 51712K, reserved 299008K
  class space    used 6361K, capacity 6841K, committed 6912K, reserved 253952K
}
Event: 43.905 GC heap after
{Heap after GC invocations=81 (full 0):
 garbage-first heap   total 262144K, used 97370K [0x00000000e0000000, 0x0000000100000000)
  region size 1024K, 8 young (8192K), 8 survivors (8192K)
 Metaspace       used 50197K, capacity 51482K, committed 51712K, reserved 299008K
  class space    used 6361K, capacity 6841K, committed 6912K, reserved 253952K
}
Event: 44.148 GC heap before
{Heap before GC invocations=81 (full 0):
 garbage-first heap   total 262144K, used 226394K [0x00000000e0000000, 0x0000000100000000)
  region size 1024K, 134 young (137216K), 8 survivors (8192K)
 Metaspace       used 50197K, capacity 51482K, committed 51712K, reserved 299008K
  class space    used 6361K, capacity 6841K, committed 6912K, reserved 253952K
}
Event: 44.152 GC heap after
{Heap after GC invocations=82 (full 0):
 garbage-first heap   total 262144K, used 99187K [0x00000000e0000000, 0x0000000100000000)
  region size 1024K, 10 young (10240K), 10 survivors (10240K)
 Metaspace       used 50197K, capacity 51482K, committed 51712K, reserved 299008K
  class space    used 6361K, capacity 6841K, committed 6912K, reserved 253952K
}
Event: 44.394 GC heap before
{Heap before GC invocations=82 (full 0):
 garbage-first heap   total 262144K, used 224115K [0x00000000e0000000, 0x0000000100000000)
  region size 1024K, 132 young (135168K), 10 survivors (10240K)
 Metaspace       used 50197K, capacity 51482K, committed 51712K, reserved 299008K
  class space    used 6361K, capacity 6841K, committed 6912K, reserved 253952K
}
Event: 44.399 GC heap after
{Heap after GC invocations=83 (full 0):
 garbage-first heap   total 262144K, used 101042K [0x00000000e0000000, 0x0000000100000000)
  region size 1024K, 10 young (10240K), 10 survivors (10240K)
 Metaspace       used 50197K, capacity 51482K, committed 51712K, reserved 299008K
  class space    used 6361K, capacity 6841K, committed 6912K, reserved 253952K
}
Event: 44.628 GC heap before
{Heap before GC invocations=83 (full 0):
 garbage-first heap   total 262144K, used 223922K [0x00000000e0000000, 0x0000000100000000)
  region size 1024K, 130 young (133120K), 10 survivors (10240K)
 Metaspace       used 50197K, capacity 51482K, committed 51712K, reserved 299008K
  class space    used 6361K, capacity 6841K, committed 6912K, reserved 253952K
}
Event: 44.632 GC heap after
{Heap after GC invocations=84 (full 0):
 garbage-first heap   total 262144K, used 103385K [0x00000000e0000000, 0x0000000100000000)
  region size 1024K, 10 young (10240K), 10 survivors (10240K)
 Metaspace       used 50197K, capacity 51482K, committed 51712K, reserved 299008K
  class space    used 6361K, capacity 6841K, committed 6912K, reserved 253952K
}
Event: 44.897 GC heap before
{Heap before GC invocations=84 (full 0):
 garbage-first heap   total 262144K, used 224217K [0x00000000e0000000, 0x0000000100000000)
  region size 1024K, 128 young (131072K), 10 survivors (10240K)
 Metaspace       used 50197K, capacity 51482K, committed 51712K, reserved 299008K
  class space    used 6361K, capacity 6841K, committed 6912K, reserved 253952K
}
Event: 44.902 GC heap after
{Heap after GC invocations=85 (full 0):
 garbage-first heap   total 262144K, used 105061K [0x00000000e0000000, 0x0000000100000000)
  region size 1024K, 10 young (10240K), 10 survivors (10240K)
 Metaspace       used 50197K, capacity 51482K, committed 51712K, reserved 299008K
  class space    used 6361K, capacity 6841K, committed 6912K, reserved 253952K
}
Event: 45.167 GC heap before
{Heap before GC invocations=85 (full 0):
 garbage-first heap   total 262144K, used 224869K [0x00000000e0000000, 0x0000000100000000)
  region size 1024K, 127 young (130048K), 10 survivors (10240K)
 Metaspace       used 50198K, capacity 51482K, committed 51712K, reserved 299008K
  class space    used 6361K, capacity 6841K, committed 6912K, reserved 253952K
}
Event: 45.172 GC heap after
{Heap after GC invocations=86 (full 0):
 garbage-first heap   total 262144K, used 95523K [0x00000000e0000000, 0x0000000100000000)
  region size 1024K, 11 young (11264K), 11 survivors (11264K)
 Metaspace       used 50198K, capacity 51482K, committed 51712K, reserved 299008K
  class space    used 6361K, capacity 6841K, committed 6912K, reserved 253952K
}
Event: 45.444 GC heap before
{Heap before GC invocations=86 (full 0):
 garbage-first heap   total 262144K, used 226595K [0x00000000e0000000, 0x0000000100000000)
  region size 1024K, 136 young (139264K), 11 survivors (11264K)
 Metaspace       used 50199K, capacity 51482K, committed 51712K, reserved 299008K
  class space    used 6361K, capacity 6841K, committed 6912K, reserved 253952K
}
Event: 45.449 GC heap after
{Heap after GC invocations=87 (full 0):
 garbage-first heap   total 262144K, used 100373K [0x00000000e0000000, 0x0000000100000000)
  region size 1024K, 11 young (11264K), 11 survivors (11264K)
 Metaspace       used 50199K, capacity 51482K, committed 51712K, reserved 299008K
  class space    used 6361K, capacity 6841K, committed 6912K, reserved 253952K
}
Event: 45.692 GC heap before
{Heap before GC invocations=87 (full 0):
 garbage-first heap   total 262144K, used 223253K [0x00000000e0000000, 0x0000000100000000)
  region size 1024K, 131 young (134144K), 11 survivors (11264K)
 Metaspace       used 50199K, capacity 51482K, committed 51712K, reserved 299008K
  class space    used 6361K, capacity 6841K, committed 6912K, reserved 253952K
}
Event: 45.696 GC heap after
{Heap after GC invocations=88 (full 0):
 garbage-first heap   total 262144K, used 101660K [0x00000000e0000000, 0x0000000100000000)
  region size 1024K, 10 young (10240K), 10 survivors (10240K)
 Metaspace       used 50199K, capacity 51482K, committed 51712K, reserved 299008K
  class space    used 6361K, capacity 6841K, committed 6912K, reserved 253952K
}
Event: 46.313 GC heap before
{Heap before GC invocations=88 (full 0):
 garbage-first heap   total 262144K, used 216348K [0x00000000e0000000, 0x0000000100000000)
  region size 1024K, 101 young (103424K), 10 survivors (10240K)
 Metaspace       used 51200K, capacity 52741K, committed 53120K, reserved 301056K
  class space    used 6448K, capacity 6954K, committed 7040K, reserved 253952K
}
Event: 46.318 GC heap after
{Heap after GC invocations=89 (full 0):
 garbage-first heap   total 262144K, used 120759K [0x00000000e0000000, 0x0000000100000000)
  region size 1024K, 8 young (8192K), 8 survivors (8192K)
 Metaspace       used 51200K, capacity 52741K, committed 53120K, reserved 301056K
  class space    used 6448K, capacity 6954K, committed 7040K, reserved 253952K
}

